time="2025-04-20T18:29:16+04:00" level=info msg="application started"
time="2025-04-20T18:29:16+04:00" level=info msg="Initializing database..."
time="2025-04-20T18:29:16+04:00" level=info msg="Connected to database"
time="2025-04-20T18:29:16+04:00" level=debug msg="New mysql storage created"
time="2025-04-20T18:29:40+04:00" level=info msg="application started"
time="2025-04-20T18:29:40+04:00" level=info msg="Initializing database..."
time="2025-04-20T18:29:40+04:00" level=info msg="Connected to database"
time="2025-04-20T18:29:40+04:00" level=debug msg="New mysql storage created"
time="2025-04-20T18:30:28+04:00" level=info msg="application started"
time="2025-04-20T18:30:28+04:00" level=info msg="Initializing database..."
time="2025-04-20T18:30:28+04:00" level=info msg="Connected to database"
time="2025-04-20T18:30:28+04:00" level=debug msg="New mysql storage created"
time="2025-04-20T18:31:20+04:00" level=info msg="application started"
time="2025-04-20T18:31:20+04:00" level=info msg="Initializing database..."
time="2025-04-20T18:31:20+04:00" level=info msg="Connected to database"
time="2025-04-20T18:31:20+04:00" level=debug msg="New mysql storage created"
time="2025-04-20T18:31:30+04:00" level=debug msg="username: messi_12"
time="2025-04-20T18:31:30+04:00" level=debug msg="password: messi121"
time="2025-04-20T18:31:32+04:00" level=debug msg="username: messi_12"
time="2025-04-20T18:31:32+04:00" level=debug msg="password: messi121"
time="2025-04-20T18:31:33+04:00" level=debug msg="username: messi_12"
time="2025-04-20T18:31:33+04:00" level=debug msg="password: messi121"
time="2025-04-20T18:31:41+04:00" level=debug msg="username: messi_12"
time="2025-04-20T18:31:41+04:00" level=debug msg="password: messi121"
time="2025-04-20T18:31:41+04:00" level=debug msg="username: messi_12"
time="2025-04-20T18:31:41+04:00" level=debug msg="password: messi121"
time="2025-04-20T18:31:41+04:00" level=debug msg="username: messi_12"
time="2025-04-20T18:31:41+04:00" level=debug msg="password: messi121"
time="2025-04-20T18:32:37+04:00" level=info msg="application started"
time="2025-04-20T18:32:37+04:00" level=info msg="Initializing database..."
time="2025-04-20T18:32:37+04:00" level=info msg="Connected to database"
time="2025-04-20T18:32:37+04:00" level=debug msg="New mysql storage created"
time="2025-04-20T18:32:39+04:00" level=debug msg="username: messi_12"
time="2025-04-20T18:32:39+04:00" level=debug msg="password: messi121"
time="2025-04-20T18:32:50+04:00" level=debug msg="username: messi_12"
time="2025-04-20T18:32:50+04:00" level=debug msg="password: messi121"
time="2025-04-20T18:32:51+04:00" level=debug msg="username: messi_12"
time="2025-04-20T18:32:51+04:00" level=debug msg="password: messi121"
time="2025-04-20T18:32:51+04:00" level=debug msg="username: messi_12"
time="2025-04-20T18:32:51+04:00" level=debug msg="password: messi121"
time="2025-04-20T18:32:51+04:00" level=debug msg="username: messi_12"
time="2025-04-20T18:32:51+04:00" level=debug msg="password: messi121"
time="2025-04-20T18:32:52+04:00" level=debug msg="username: messi_12"
time="2025-04-20T18:32:52+04:00" level=debug msg="password: messi121"
time="2025-04-20T18:32:52+04:00" level=debug msg="username: messi_12"
time="2025-04-20T18:32:52+04:00" level=debug msg="password: messi121"
time="2025-04-20T18:32:52+04:00" level=debug msg="username: messi_12"
time="2025-04-20T18:32:52+04:00" level=debug msg="password: messi121"
time="2025-04-20T18:32:52+04:00" level=debug msg="username: messi_12"
time="2025-04-20T18:32:52+04:00" level=debug msg="password: messi121"
time="2025-04-20T18:32:52+04:00" level=debug msg="username: messi_12"
time="2025-04-20T18:32:52+04:00" level=debug msg="password: messi121"
time="2025-04-20T18:32:53+04:00" level=debug msg="username: messi_12"
time="2025-04-20T18:32:53+04:00" level=debug msg="password: messi121"
time="2025-04-20T18:32:53+04:00" level=debug msg="username: messi_12"
time="2025-04-20T18:32:53+04:00" level=debug msg="password: messi121"
time="2025-04-20T18:32:53+04:00" level=debug msg="username: messi_12"
time="2025-04-20T18:32:53+04:00" level=debug msg="password: messi121"
time="2025-04-20T18:32:53+04:00" level=debug msg="username: messi_12"
time="2025-04-20T18:32:53+04:00" level=debug msg="password: messi121"
time="2025-04-20T18:32:53+04:00" level=debug msg="username: messi_12"
time="2025-04-20T18:32:53+04:00" level=debug msg="password: messi121"
time="2025-04-20T18:32:54+04:00" level=debug msg="username: messi_12"
time="2025-04-20T18:32:54+04:00" level=debug msg="password: messi121"
time="2025-04-20T18:32:54+04:00" level=debug msg="username: messi_12"
time="2025-04-20T18:32:54+04:00" level=debug msg="password: messi121"
time="2025-04-20T18:32:54+04:00" level=debug msg="username: messi_12"
time="2025-04-20T18:32:54+04:00" level=debug msg="password: messi121"
time="2025-04-20T18:32:54+04:00" level=debug msg="username: messi_12"
time="2025-04-20T18:32:54+04:00" level=debug msg="password: messi121"
time="2025-04-20T18:32:54+04:00" level=debug msg="username: messi_12"
time="2025-04-20T18:32:54+04:00" level=debug msg="password: messi121"
time="2025-04-20T18:32:55+04:00" level=debug msg="username: messi_12"
time="2025-04-20T18:32:55+04:00" level=debug msg="password: messi121"
time="2025-04-20T18:32:59+04:00" level=debug msg="username: messi_12"
time="2025-04-20T18:32:59+04:00" level=debug msg="password: messi12"
time="2025-04-20T18:33:28+04:00" level=debug msg="username: messi_12"
time="2025-04-20T18:33:28+04:00" level=debug msg="password: messi12"
time="2025-04-20T18:33:54+04:00" level=debug msg="username: messi_12"
time="2025-04-20T18:33:54+04:00" level=debug msg="password: messi12"
time="2025-04-20T18:35:47+04:00" level=debug msg="username: messi_121"
time="2025-04-20T18:35:47+04:00" level=debug msg="password: messi12"
time="2025-04-20T18:35:57+04:00" level=debug msg="username: messi_121"
time="2025-04-20T18:35:57+04:00" level=debug msg="password: messi12"
time="2025-04-20T18:35:58+04:00" level=debug msg="username: messi_121"
time="2025-04-20T18:35:58+04:00" level=debug msg="password: messi12"
time="2025-04-20T18:35:58+04:00" level=debug msg="username: messi_121"
time="2025-04-20T18:35:58+04:00" level=debug msg="password: messi12"
time="2025-04-20T18:35:59+04:00" level=debug msg="username: messi_121"
time="2025-04-20T18:35:59+04:00" level=debug msg="password: messi12"
time="2025-04-20T18:35:59+04:00" level=debug msg="username: messi_121"
time="2025-04-20T18:35:59+04:00" level=debug msg="password: messi12"
time="2025-04-20T18:36:00+04:00" level=debug msg="username: messi_121"
time="2025-04-20T18:36:00+04:00" level=debug msg="password: messi12"
time="2025-04-20T18:36:00+04:00" level=debug msg="username: messi_121"
time="2025-04-20T18:36:00+04:00" level=debug msg="password: messi12"
time="2025-04-20T18:36:01+04:00" level=debug msg="username: messi_121"
time="2025-04-20T18:36:01+04:00" level=debug msg="password: messi12"
time="2025-04-20T18:36:02+04:00" level=debug msg="username: messi_121"
time="2025-04-20T18:36:02+04:00" level=debug msg="password: messi12"
time="2025-04-20T18:36:02+04:00" level=debug msg="username: messi_121"
time="2025-04-20T18:36:02+04:00" level=debug msg="password: messi12"
time="2025-04-20T18:36:03+04:00" level=debug msg="username: messi_121"
time="2025-04-20T18:36:03+04:00" level=debug msg="password: messi12"
time="2025-04-20T18:36:03+04:00" level=debug msg="username: messi_121"
time="2025-04-20T18:36:03+04:00" level=debug msg="password: messi12"
time="2025-04-20T18:36:04+04:00" level=debug msg="username: messi_121"
time="2025-04-20T18:36:04+04:00" level=debug msg="password: messi12"
time="2025-04-20T18:36:05+04:00" level=debug msg="username: messi_121"
time="2025-04-20T18:36:05+04:00" level=debug msg="password: messi12"
time="2025-04-20T18:36:05+04:00" level=debug msg="username: messi_121"
time="2025-04-20T18:36:05+04:00" level=debug msg="password: messi12"
time="2025-04-20T18:36:05+04:00" level=debug msg="username: messi_121"
time="2025-04-20T18:36:05+04:00" level=debug msg="password: messi12"
time="2025-04-20T18:36:06+04:00" level=debug msg="username: messi_121"
time="2025-04-20T18:36:06+04:00" level=debug msg="password: messi12"
time="2025-04-20T18:36:06+04:00" level=debug msg="username: messi_121"
time="2025-04-20T18:36:06+04:00" level=debug msg="password: messi12"
time="2025-04-20T18:36:06+04:00" level=debug msg="username: messi_121"
time="2025-04-20T18:36:06+04:00" level=debug msg="password: messi12"
time="2025-04-20T18:36:06+04:00" level=debug msg="username: messi_121"
time="2025-04-20T18:36:06+04:00" level=debug msg="password: messi12"
time="2025-04-20T18:36:06+04:00" level=debug msg="username: messi_121"
time="2025-04-20T18:36:06+04:00" level=debug msg="password: messi12"
time="2025-04-20T18:36:07+04:00" level=debug msg="username: messi_121"
time="2025-04-20T18:36:07+04:00" level=debug msg="password: messi12"
time="2025-04-20T18:36:07+04:00" level=debug msg="username: messi_121"
time="2025-04-20T18:36:07+04:00" level=debug msg="password: messi12"
time="2025-04-20T18:36:08+04:00" level=debug msg="username: messi_121"
time="2025-04-20T18:36:08+04:00" level=debug msg="password: messi12"
time="2025-04-20T18:36:08+04:00" level=debug msg="username: messi_121"
time="2025-04-20T18:36:08+04:00" level=debug msg="password: messi12"
time="2025-04-20T18:36:09+04:00" level=debug msg="username: messi_121"
time="2025-04-20T18:36:09+04:00" level=debug msg="password: messi12"
time="2025-04-20T23:54:28+04:00" level=info msg="Application started"
time="2025-04-20T23:54:28+04:00" level=info msg="Initializing database..."
time="2025-04-20T23:54:28+04:00" level=info msg="Connected to database"
time="2025-04-20T23:54:28+04:00" level=debug msg="New mysql storage created"
time="2025-04-20T23:55:10+04:00" level=error msg="Failed to create transaction request: limit must be greater than amount"
time="2025-04-20T23:57:04+04:00" level=info msg="Application started"
time="2025-04-20T23:57:04+04:00" level=info msg="Initializing database..."
time="2025-04-20T23:57:04+04:00" level=info msg="Connected to database"
time="2025-04-20T23:57:04+04:00" level=debug msg="New mysql storage created"
